[debug] > Exec(early(addDefaultCommands), None, None)
[debug] > Exec(addDefaultCommands, None, None)
[debug] > Exec(early(initialize), None, None)
[debug] > Exec(initialize, None, None)
[debug] > Exec(boot, None, None)
[debug] > Exec(writeSbtVersion, None, None)
[debug] > Exec(reload, None, None)
[debug] > Exec(sbtStashOnFailure, None, None)
[debug] > Exec(onFailure loadFailed, None, None)
[debug] > Exec(loadp, None, None)
[info] welcome to sbt 1.5.5 (Oracle Corporation Java 17.0.1)
[debug]       Load.loadUnit: plugins took 133.3319ms
[debug]       Load.loadUnit: defsScala took 0.3693ms
[debug] [Loading] Scanning directory C:\Users\Aleksandra\.sbt\1.0\plugins
[debug]         Load.loadUnit: mkEval took 7.3015ms
[debug] [Loading] Found non-root projects 
[debug] [Loading] Done in C:\Users\Aleksandra\.sbt\1.0\plugins, returning: ()
[debug] deducing auto plugins based on known facts Set(Atom(sbt.plugins.CorePlugin)) and clauses Clauses(Clause(Atom(sbt.plugins.JvmPlugin),Set(Atom(sbt.plugins.IvyPlugin)))
[debug] Clause(Atom(sbt.ScriptedPlugin),Set(Atom(sbt.plugins.JvmPlugin)))
[debug] Clause(Atom(sbt.plugins.SbtPlugin),Set(Atom(sbt.ScriptedPlugin)))
[debug] Clause(Atom(sbt.plugins.SemanticdbPlugin),Set(Atom(sbt.plugins.JvmPlugin)))
[debug] Clause(Atom(sbt.plugins.JUnitXmlReportPlugin),Set(Atom(sbt.plugins.JvmPlugin)))
[debug] Clause(Atom(sbt.plugins.MiniDependencyTreePlugin),Set(Atom(sbt.plugins.JvmPlugin)))
[debug] Clause(Atom(sbt.plugins.CorePlugin),Set(Atom(sbt.plugins.IvyPlugin)))
[debug] Clause(Atom(sbt.plugins.IvyPlugin),Set(Atom(sbt.plugins.JvmPlugin)))
[debug] Clause(Atom(sbt.plugins.JvmPlugin),Set(Atom(sbt.plugins.SemanticdbPlugin)))
[debug] Clause(Atom(sbt.plugins.JvmPlugin),Set(Atom(sbt.plugins.JUnitXmlReportPlugin)))
[debug] Clause(Atom(sbt.plugins.CorePlugin),Set(Atom(sbt.plugins.Giter8TemplatePlugin)))
[debug] Clause(Atom(sbt.plugins.JvmPlugin),Set(Atom(sbt.plugins.MiniDependencyTreePlugin))))
[debug]   :: deduced result: Matched(sbt.plugins.CorePlugin,sbt.plugins.Giter8TemplatePlugin,sbt.plugins.IvyPlugin,sbt.plugins.JvmPlugin,sbt.plugins.MiniDependencyTreePlugin,sbt.plugins.JUnitXmlReportPlugin,sbt.plugins.SemanticdbPlugin)
[debug] Plugins.deducer#function took 23.5231 ms
[info] loading settings for project global-plugins from plugins.sbt ...
[debug]           Load.resolveProject(global-plugins) took 53.1942ms
[debug]         Load.loadTransitive: finalizeProject(Project(id global-plugins, base: C:\Users\Aleksandra\.sbt\1.0\plugins, plugins: List(<none>))) took 99.4153ms
[debug] [Loading] Done in C:\Users\Aleksandra\.sbt\1.0\plugins, returning: (global-plugins)
[debug]       Load.loadUnit: loadedProjectsRaw took 173.3589ms
[debug]       Load.loadUnit: cleanEvalClasses took 0.2148ms
[debug]     Load.loadUnit(file:/C:/Users/Aleksandra/.sbt/1.0/plugins/, ...) took 317.8205ms
[debug]   Load.apply: load took 529.8593ms
[debug]   Load.apply: resolveProjects took 5.0441ms
[debug]   Load.apply: finalTransforms took 91.9481ms
[debug]   Load.apply: config.delegates took 14.7379ms
[debug]   Load.apply: Def.make(settings)... took 771.9626ms
[debug]   Load.apply: structureIndex took 210.7886ms
[debug]   Load.apply: mkStreams took 3.8327ms
[info] loading global plugins from C:\Users\Aleksandra\.sbt\1.0\plugins
[debug] Running task... Cancel: Signal, check cycles: false, forcegc: true
