[debug] > Exec(early(addDefaultCommands), None, None)
[debug] > Exec(addDefaultCommands, None, None)
[debug] > Exec(early(initialize), None, None)
[debug] > Exec(initialize, None, None)
[debug] > Exec(boot, None, None)
[debug] > Exec(writeSbtVersion, None, None)
[debug] > Exec(reload, None, None)
[debug] > Exec(sbtStashOnFailure, None, None)
[debug] > Exec(onFailure loadFailed, None, None)
[debug] > Exec(loadp, None, None)
[info] welcome to sbt 1.5.5 (Oracle Corporation Java 17.0.1)
[debug]       Load.loadUnit: plugins took 128.5144ms
[debug]       Load.loadUnit: defsScala took 0.8595ms
[debug] [Loading] Scanning directory C:\Users\Aleksandra\.sbt\1.0\plugins
[debug]         Load.loadUnit: mkEval took 6.4027ms
[debug] [Loading] Found non-root projects 
[debug] [Loading] Done in C:\Users\Aleksandra\.sbt\1.0\plugins, returning: ()
[debug] deducing auto plugins based on known facts Set(Atom(sbt.plugins.CorePlugin)) and clauses Clauses(Clause(Atom(sbt.plugins.JvmPlugin),Set(Atom(sbt.plugins.IvyPlugin)))
[debug] Clause(Atom(sbt.ScriptedPlugin),Set(Atom(sbt.plugins.JvmPlugin)))
[debug] Clause(Atom(sbt.plugins.SbtPlugin),Set(Atom(sbt.ScriptedPlugin)))
[debug] Clause(Atom(sbt.plugins.SemanticdbPlugin),Set(Atom(sbt.plugins.JvmPlugin)))
[debug] Clause(Atom(sbt.plugins.JUnitXmlReportPlugin),Set(Atom(sbt.plugins.JvmPlugin)))
[debug] Clause(Atom(sbt.plugins.MiniDependencyTreePlugin),Set(Atom(sbt.plugins.JvmPlugin)))
[debug] Clause(Atom(sbt.plugins.CorePlugin),Set(Atom(sbt.plugins.IvyPlugin)))
[debug] Clause(Atom(sbt.plugins.IvyPlugin),Set(Atom(sbt.plugins.JvmPlugin)))
[debug] Clause(Atom(sbt.plugins.JvmPlugin),Set(Atom(sbt.plugins.SemanticdbPlugin)))
[debug] Clause(Atom(sbt.plugins.JvmPlugin),Set(Atom(sbt.plugins.JUnitXmlReportPlugin)))
[debug] Clause(Atom(sbt.plugins.CorePlugin),Set(Atom(sbt.plugins.Giter8TemplatePlugin)))
[debug] Clause(Atom(sbt.plugins.JvmPlugin),Set(Atom(sbt.plugins.MiniDependencyTreePlugin))))
[debug]   :: deduced result: Matched(sbt.plugins.CorePlugin,sbt.plugins.Giter8TemplatePlugin,sbt.plugins.IvyPlugin,sbt.plugins.JvmPlugin,sbt.plugins.MiniDependencyTreePlugin,sbt.plugins.JUnitXmlReportPlugin,sbt.plugins.SemanticdbPlugin)
[debug] Plugins.deducer#function took 53.6565 ms
[info] loading settings for project global-plugins from plugins.sbt ...
[debug]           Load.resolveProject(global-plugins) took 73.7783ms
[debug]         Load.loadTransitive: finalizeProject(Project(id global-plugins, base: C:\Users\Aleksandra\.sbt\1.0\plugins, plugins: List(<none>))) took 181.9514ms
[debug] [Loading] Done in C:\Users\Aleksandra\.sbt\1.0\plugins, returning: (global-plugins)
[debug]       Load.loadUnit: loadedProjectsRaw took 310.9869ms
[debug]       Load.loadUnit: cleanEvalClasses took 0.6249ms
[debug]     Load.loadUnit(file:/C:/Users/Aleksandra/.sbt/1.0/plugins/, ...) took 463.5466ms
[debug]   Load.apply: load took 747.1637ms
[debug]   Load.apply: resolveProjects took 11.6096ms
[debug]   Load.apply: finalTransforms took 138.1471ms
[debug]   Load.apply: config.delegates took 12.213ms
[debug]   Load.apply: Def.make(settings)... took 639.868ms
[debug]   Load.apply: structureIndex took 168.8658ms
[debug]   Load.apply: mkStreams took 2.509ms
[info] loading global plugins from C:\Users\Aleksandra\.sbt\1.0\plugins
[debug] Running task... Cancel: Signal, check cycles: false, forcegc: true
