[debug] > Exec(early(addDefaultCommands), None, None)
[debug] > Exec(addDefaultCommands, None, None)
[debug] > Exec(early(initialize), None, None)
[debug] > Exec(initialize, None, None)
[debug] > Exec(boot, None, None)
[debug] > Exec(writeSbtVersion, None, None)
[warn] No sbt.version set in project/build.properties, base directory: C:\Users\Aleksandra\Desktop\PWr\Big Data Analytics\Semestr 2\BDA\zad1l0\project
[debug] > Exec(reload, None, None)
[debug] > Exec(sbtStashOnFailure, None, None)
[debug] > Exec(onFailure loadFailed, None, None)
[debug] > Exec(loadp, None, None)
[info] welcome to sbt 1.5.2 (Oracle Corporation Java 17.0.1)
[debug]       Load.loadUnit: plugins took 164.3568ms
[debug]       Load.loadUnit: defsScala took 0.5519ms
[debug] [Loading] Scanning directory C:\Users\Aleksandra\.sbt\1.0\plugins
[debug]         Load.loadUnit: mkEval took 14.602ms
[debug] [Loading] Found non-root projects 
[debug] [Loading] Done in C:\Users\Aleksandra\.sbt\1.0\plugins, returning: ()
[debug] deducing auto plugins based on known facts Set(Atom(sbt.plugins.CorePlugin)) and clauses Clauses(Clause(Atom(sbt.plugins.JvmPlugin),Set(Atom(sbt.plugins.IvyPlugin)))
[debug] Clause(Atom(sbt.ScriptedPlugin),Set(Atom(sbt.plugins.JvmPlugin)))
[debug] Clause(Atom(sbt.plugins.SbtPlugin),Set(Atom(sbt.ScriptedPlugin)))
[debug] Clause(Atom(sbt.plugins.SemanticdbPlugin),Set(Atom(sbt.plugins.JvmPlugin)))
[debug] Clause(Atom(sbt.plugins.JUnitXmlReportPlugin),Set(Atom(sbt.plugins.JvmPlugin)))
[debug] Clause(Atom(sbt.plugins.MiniDependencyTreePlugin),Set(Atom(sbt.plugins.JvmPlugin)))
[debug] Clause(Atom(sbt.plugins.CorePlugin),Set(Atom(sbt.plugins.IvyPlugin)))
[debug] Clause(Atom(sbt.plugins.IvyPlugin),Set(Atom(sbt.plugins.JvmPlugin)))
[debug] Clause(Atom(sbt.plugins.JvmPlugin),Set(Atom(sbt.plugins.SemanticdbPlugin)))
[debug] Clause(Atom(sbt.plugins.JvmPlugin),Set(Atom(sbt.plugins.JUnitXmlReportPlugin)))
[debug] Clause(Atom(sbt.plugins.CorePlugin),Set(Atom(sbt.plugins.Giter8TemplatePlugin)))
[debug] Clause(Atom(sbt.plugins.JvmPlugin),Set(Atom(sbt.plugins.MiniDependencyTreePlugin))))
[debug]   :: deduced result: Matched(sbt.plugins.CorePlugin,sbt.plugins.Giter8TemplatePlugin,sbt.plugins.IvyPlugin,sbt.plugins.JvmPlugin,sbt.plugins.MiniDependencyTreePlugin,sbt.plugins.JUnitXmlReportPlugin,sbt.plugins.SemanticdbPlugin)
[debug] Plugins.deducer#function took 25.4618 ms
[info] loading settings for project global-plugins from plugins.sbt ...
[debug]           Load.resolveProject(global-plugins) took 85.4412ms
[debug]         Load.loadTransitive: finalizeProject(Project(id global-plugins, base: C:\Users\Aleksandra\.sbt\1.0\plugins, plugins: List(<none>))) took 143.5144ms
[debug] [Loading] Done in C:\Users\Aleksandra\.sbt\1.0\plugins, returning: (global-plugins)
[debug]       Load.loadUnit: loadedProjectsRaw took 251.1906ms
[debug]       Load.loadUnit: cleanEvalClasses took 0.3323ms
[debug]     Load.loadUnit(file:/C:/Users/Aleksandra/.sbt/1.0/plugins/, ...) took 433.1759ms
[debug]   Load.apply: load took 763.7597ms
[debug]   Load.apply: resolveProjects took 9.4116ms
[debug]   Load.apply: finalTransforms took 146.5452ms
[debug]   Load.apply: config.delegates took 15.1371ms
[debug]   Load.apply: Def.make(settings)... took 670.0871ms
[debug]   Load.apply: structureIndex took 135.0706ms
[debug]   Load.apply: mkStreams took 2.5567ms
[info] loading global plugins from C:\Users\Aleksandra\.sbt\1.0\plugins
[debug] Running task... Cancel: Signal, check cycles: false, forcegc: true
